{"level":"warn","message":"⚠️  Redis 不可用，缓存已降级（不影响核心功能）","timestamp":"2026-05-02 14:12:30"}
{"level":"info","message":"✅ Redis connected","timestamp":"2026-05-02 14:19:13"}
{"level":"info","message":"✅ MySQL connected","timestamp":"2026-05-02 14:19:13"}
{"level":"info","message":"✅ Server running on port 3000","timestamp":"2026-05-02 14:19:13"}
{"level":"error","message":"GET /api/activities - Incorrect arguments to mysqld_stmt_execute","stack":"Error: Incorrect arguments to mysqld_stmt_execute\n    at query (X:\\A\\1\\activity-miniapp\\backend\\src\\config\\db.js:19:29)\n    at exports.list (X:\\A\\1\\activity-miniapp\\backend\\src\\controllers\\activityController.js:41:24)\n    at process.processTicksAndRejections (node:internal/process/task_queues:105:5)","timestamp":"2026-05-02 14:19:28"}
{"level":"info","message":"✅ Redis connected","timestamp":"2026-05-02 14:19:59"}
{"level":"info","message":"✅ MySQL connected","timestamp":"2026-05-02 14:20:00"}
{"level":"info","message":"✅ Server running on port 3000","timestamp":"2026-05-02 14:20:00"}
{"level":"info","message":"✅ Redis connected","timestamp":"2026-05-02 14:21:51"}
{"level":"info","message":"✅ MySQL connected","timestamp":"2026-05-02 14:21:51"}
{"level":"info","message":"✅ Server running on port 3000","timestamp":"2026-05-02 14:21:51"}
{"level":"info","message":"✅ Redis connected","timestamp":"2026-05-02 14:40:10"}
{"level":"info","message":"✅ MySQL connected","timestamp":"2026-05-02 14:40:10"}
{"level":"info","message":"✅ Server running on port 3000","timestamp":"2026-05-02 14:40:10"}
{"level":"info","message":"✅ Redis connected","timestamp":"2026-05-02 14:40:16"}
{"level":"info","message":"✅ MySQL connected","timestamp":"2026-05-02 14:40:16"}
{"level":"info","message":"✅ Server running on port 3000","timestamp":"2026-05-02 14:40:16"}
{"level":"info","message":"✅ Redis connected","timestamp":"2026-05-02 14:40:20"}
{"level":"info","message":"✅ MySQL connected","timestamp":"2026-05-02 14:40:20"}
{"level":"info","message":"✅ Server running on port 3000","timestamp":"2026-05-02 14:40:20"}
{"level":"info","message":"✅ Redis connected","timestamp":"2026-05-02 14:43:01"}
{"level":"info","message":"✅ MySQL connected (pool size: 20)","timestamp":"2026-05-02 14:43:01"}
{"level":"info","message":"✅ Server running on port 3000","timestamp":"2026-05-02 14:43:01"}
{"level":"info","message":"✅ Redis connected","timestamp":"2026-05-02 14:43:16"}
{"level":"info","message":"✅ MySQL connected (pool size: 20)","timestamp":"2026-05-02 14:43:16"}
{"level":"info","message":"✅ Server running on port 3000","timestamp":"2026-05-02 14:43:16"}
{"level":"info","message":"✅ Redis connected","timestamp":"2026-05-02 14:43:21"}
{"level":"info","message":"✅ MySQL connected (pool size: 20)","timestamp":"2026-05-02 14:43:21"}
{"level":"info","message":"✅ Server running on port 3000","timestamp":"2026-05-02 14:43:21"}
{"level":"info","message":"✅ Redis connected","timestamp":"2026-05-02 14:43:44"}
{"level":"info","message":"✅ MySQL connected (pool size: 20)","timestamp":"2026-05-02 14:43:44"}
{"level":"info","message":"✅ Server running on port 3000","timestamp":"2026-05-02 14:43:44"}
{"level":"info","message":"✅ Redis connected","timestamp":"2026-05-02 14:44:08"}
{"level":"info","message":"✅ MySQL connected (pool size: 20)","timestamp":"2026-05-02 14:44:08"}
{"level":"info","message":"✅ Server running on port 3000","timestamp":"2026-05-02 14:44:08"}
{"level":"info","message":"✅ Redis connected","timestamp":"2026-05-02 15:08:23"}
{"level":"info","message":"✅ MySQL connected (pool size: 20)","timestamp":"2026-05-02 15:08:23"}
{"level":"info","message":"✅ Server running on port 3000","timestamp":"2026-05-02 15:08:23"}
{"level":"info","message":"✅ Redis connected","timestamp":"2026-05-02 15:08:29"}
{"level":"info","message":"✅ MySQL connected (pool size: 20)","timestamp":"2026-05-02 15:08:29"}
{"level":"info","message":"✅ Server running on port 3000","timestamp":"2026-05-02 15:08:29"}
{"level":"info","message":"✅ Redis connected","timestamp":"2026-05-02 15:08:43"}
{"level":"info","message":"✅ MySQL connected (pool size: 20)","timestamp":"2026-05-02 15:08:43"}
{"level":"info","message":"✅ Server running on port 3000","timestamp":"2026-05-02 15:08:43"}
{"level":"info","message":"✅ Redis connected","timestamp":"2026-05-02 15:09:09"}
{"level":"info","message":"✅ MySQL connected (pool size: 20)","timestamp":"2026-05-02 15:09:09"}
{"level":"info","message":"✅ Server running on port 3000","timestamp":"2026-05-02 15:09:09"}
{"level":"info","message":"✅ Redis connected","timestamp":"2026-05-02 15:09:25"}
{"level":"info","message":"✅ MySQL connected (pool size: 20)","timestamp":"2026-05-02 15:09:25"}
{"level":"info","message":"✅ Server running on port 3000","timestamp":"2026-05-02 15:09:25"}
{"level":"info","message":"✅ Redis connected","timestamp":"2026-05-02 15:15:21"}
{"level":"info","message":"✅ MySQL connected (pool size: 20)","timestamp":"2026-05-02 15:15:21"}
{"level":"info","message":"✅ Server running on port 3000","timestamp":"2026-05-02 15:15:21"}
{"level":"info","message":"✅ Redis connected","timestamp":"2026-05-02 18:51:57"}
{"level":"info","message":"✅ MySQL connected (pool size: 20)","timestamp":"2026-05-02 18:51:57"}
{"level":"info","message":"✅ Server running on port 3000","timestamp":"2026-05-02 18:51:57"}
{"level":"info","message":"✅ Redis connected","timestamp":"2026-05-02 18:52:01"}
{"level":"info","message":"✅ MySQL connected (pool size: 20)","timestamp":"2026-05-02 18:52:01"}
{"level":"info","message":"✅ Server running on port 3000","timestamp":"2026-05-02 18:52:01"}
{"level":"info","message":"✅ Redis connected","timestamp":"2026-05-02 18:52:54"}
{"level":"info","message":"✅ MySQL connected (pool size: 20)","timestamp":"2026-05-02 18:52:54"}
{"level":"info","message":"✅ Server running on port 3000","timestamp":"2026-05-02 18:52:54"}
{"level":"info","message":"✅ Redis connected","timestamp":"2026-05-02 19:00:37"}
{"level":"info","message":"✅ MySQL connected (pool size: 20)","timestamp":"2026-05-02 19:00:37"}
{"level":"info","message":"✅ Server running on port 3000","timestamp":"2026-05-02 19:00:37"}
{"level":"info","message":"✅ Redis connected","timestamp":"2026-05-02 19:15:22"}
{"level":"info","message":"✅ MySQL connected (pool size: 20)","timestamp":"2026-05-02 19:15:22"}
{"level":"info","message":"✅ Server running on port 3000","timestamp":"2026-05-02 19:15:22"}
{"level":"info","message":"✅ Redis connected","timestamp":"2026-05-02 19:40:38"}
{"level":"info","message":"✅ MySQL connected (pool size: 20)","timestamp":"2026-05-02 19:40:38"}
{"level":"info","message":"✅ Server running on port 3000","timestamp":"2026-05-02 19:40:38"}
{"level":"info","message":"✅ Redis connected","timestamp":"2026-05-02 20:45:56"}
{"level":"info","message":"✅ MySQL connected (pool size: 20)","timestamp":"2026-05-02 20:45:57"}
{"level":"info","message":"✅ Server running on port 3000","timestamp":"2026-05-02 20:45:57"}
{"level":"error","message":"GET /api/admin/activities/3052b3cc-52ca-4ece-960a-44ad21201777/registrations - Unexpected token 'o', \"[object Obj\"... is not valid JSON","stack":"SyntaxError: Unexpected token 'o', \"[object Obj\"... is not valid JSON\n    at JSON.parse (<anonymous>)\n    at exports.getRegistrations (X:\\A\\1\\activity-miniapp\\backend\\src\\controllers\\adminController.js:26:31)\n    at process.processTicksAndRejections (node:internal/process/task_queues:105:5)","timestamp":"2026-05-03 14:42:36"}
{"level":"error","message":"GET /api/admin/activities/3052b3cc-52ca-4ece-960a-44ad21201777/registrations - Unexpected token 'o', \"[object Obj\"... is not valid JSON","stack":"SyntaxError: Unexpected token 'o', \"[object Obj\"... is not valid JSON\n    at JSON.parse (<anonymous>)\n    at exports.getRegistrations (X:\\A\\1\\activity-miniapp\\backend\\src\\controllers\\adminController.js:26:31)\n    at process.processTicksAndRejections (node:internal/process/task_queues:105:5)","timestamp":"2026-05-03 14:42:36"}
{"level":"error","message":"GET /api/admin/activities/3052b3cc-52ca-4ece-960a-44ad21201777/registrations - Unexpected token 'o', \"[object Obj\"... is not valid JSON","stack":"SyntaxError: Unexpected token 'o', \"[object Obj\"... is not valid JSON\n    at JSON.parse (<anonymous>)\n    at exports.getRegistrations (X:\\A\\1\\activity-miniapp\\backend\\src\\controllers\\adminController.js:26:31)\n    at process.processTicksAndRejections (node:internal/process/task_queues:105:5)","timestamp":"2026-05-03 14:54:34"}
{"level":"error","message":"GET /api/admin/activities/3052b3cc-52ca-4ece-960a-44ad21201777/registrations - Unexpected token 'o', \"[object Obj\"... is not valid JSON","stack":"SyntaxError: Unexpected token 'o', \"[object Obj\"... is not valid JSON\n    at JSON.parse (<anonymous>)\n    at exports.getRegistrations (X:\\A\\1\\activity-miniapp\\backend\\src\\controllers\\adminController.js:26:31)\n    at process.processTicksAndRejections (node:internal/process/task_queues:105:5)","timestamp":"2026-05-03 14:54:34"}
{"level":"error","message":"GET /api/admin/activities/3052b3cc-52ca-4ece-960a-44ad21201777/registrations - Unexpected token 'o', \"[object Obj\"... is not valid JSON","stack":"SyntaxError: Unexpected token 'o', \"[object Obj\"... is not valid JSON\n    at JSON.parse (<anonymous>)\n    at exports.getRegistrations (X:\\A\\1\\activity-miniapp\\backend\\src\\controllers\\adminController.js:26:31)\n    at process.processTicksAndRejections (node:internal/process/task_queues:105:5)","timestamp":"2026-05-03 15:30:28"}
{"level":"error","message":"GET /api/admin/activities/3052b3cc-52ca-4ece-960a-44ad21201777/registrations - Unexpected token 'o', \"[object Obj\"... is not valid JSON","stack":"SyntaxError: Unexpected token 'o', \"[object Obj\"... is not valid JSON\n    at JSON.parse (<anonymous>)\n    at exports.getRegistrations (X:\\A\\1\\activity-miniapp\\backend\\src\\controllers\\adminController.js:26:31)\n    at process.processTicksAndRejections (node:internal/process/task_queues:105:5)","timestamp":"2026-05-03 15:30:28"}
{"level":"error","message":"GET /api/admin/activities/3052b3cc-52ca-4ece-960a-44ad21201777/registrations - Unexpected token 'o', \"[object Obj\"... is not valid JSON","stack":"SyntaxError: Unexpected token 'o', \"[object Obj\"... is not valid JSON\n    at JSON.parse (<anonymous>)\n    at exports.getRegistrations (X:\\A\\1\\activity-miniapp\\backend\\src\\controllers\\adminController.js:26:31)\n    at process.processTicksAndRejections (node:internal/process/task_queues:105:5)","timestamp":"2026-05-03 15:31:10"}
{"level":"error","message":"GET /api/admin/activities/3052b3cc-52ca-4ece-960a-44ad21201777/registrations - Unexpected token 'o', \"[object Obj\"... is not valid JSON","stack":"SyntaxError: Unexpected token 'o', \"[object Obj\"... is not valid JSON\n    at JSON.parse (<anonymous>)\n    at exports.getRegistrations (X:\\A\\1\\activity-miniapp\\backend\\src\\controllers\\adminController.js:26:31)\n    at process.processTicksAndRejections (node:internal/process/task_queues:105:5)","timestamp":"2026-05-03 15:31:10"}
{"level":"error","message":"GET /api/admin/activities/3052b3cc-52ca-4ece-960a-44ad21201777/registrations - Unexpected token 'o', \"[object Obj\"... is not valid JSON","stack":"SyntaxError: Unexpected token 'o', \"[object Obj\"... is not valid JSON\n    at JSON.parse (<anonymous>)\n    at exports.getRegistrations (X:\\A\\1\\activity-miniapp\\backend\\src\\controllers\\adminController.js:26:31)\n    at process.processTicksAndRejections (node:internal/process/task_queues:105:5)","timestamp":"2026-05-03 15:33:46"}
{"level":"error","message":"GET /api/admin/activities/3052b3cc-52ca-4ece-960a-44ad21201777/registrations - Unexpected token 'o', \"[object Obj\"... is not valid JSON","stack":"SyntaxError: Unexpected token 'o', \"[object Obj\"... is not valid JSON\n    at JSON.parse (<anonymous>)\n    at exports.getRegistrations (X:\\A\\1\\activity-miniapp\\backend\\src\\controllers\\adminController.js:26:31)\n    at process.processTicksAndRejections (node:internal/process/task_queues:105:5)","timestamp":"2026-05-03 15:33:46"}
{"level":"error","message":"GET /api/admin/activities/3052b3cc-52ca-4ece-960a-44ad21201777/registrations - Unexpected token 'o', \"[object Obj\"... is not valid JSON","stack":"SyntaxError: Unexpected token 'o', \"[object Obj\"... is not valid JSON\n    at JSON.parse (<anonymous>)\n    at exports.getRegistrations (X:\\A\\1\\activity-miniapp\\backend\\src\\controllers\\adminController.js:26:31)\n    at process.processTicksAndRejections (node:internal/process/task_queues:105:5)","timestamp":"2026-05-03 15:34:18"}
{"level":"error","message":"GET /api/admin/activities/3052b3cc-52ca-4ece-960a-44ad21201777/registrations - Unexpected token 'o', \"[object Obj\"... is not valid JSON","stack":"SyntaxError: Unexpected token 'o', \"[object Obj\"... is not valid JSON\n    at JSON.parse (<anonymous>)\n    at exports.getRegistrations (X:\\A\\1\\activity-miniapp\\backend\\src\\controllers\\adminController.js:26:31)\n    at process.processTicksAndRejections (node:internal/process/task_queues:105:5)","timestamp":"2026-05-03 15:34:18"}
{"level":"error","message":"GET /api/admin/activities/3052b3cc-52ca-4ece-960a-44ad21201777/registrations - Unexpected token 'o', \"[object Obj\"... is not valid JSON","stack":"SyntaxError: Unexpected token 'o', \"[object Obj\"... is not valid JSON\n    at JSON.parse (<anonymous>)\n    at exports.getRegistrations (X:\\A\\1\\activity-miniapp\\backend\\src\\controllers\\adminController.js:26:31)\n    at process.processTicksAndRejections (node:internal/process/task_queues:105:5)","timestamp":"2026-05-03 15:41:52"}
{"level":"error","message":"GET /api/admin/activities/3052b3cc-52ca-4ece-960a-44ad21201777/registrations - Unexpected token 'o', \"[object Obj\"... is not valid JSON","stack":"SyntaxError: Unexpected token 'o', \"[object Obj\"... is not valid JSON\n    at JSON.parse (<anonymous>)\n    at exports.getRegistrations (X:\\A\\1\\activity-miniapp\\backend\\src\\controllers\\adminController.js:26:31)\n    at process.processTicksAndRejections (node:internal/process/task_queues:105:5)","timestamp":"2026-05-03 15:41:52"}
{"level":"info","message":"✅ Redis connected","timestamp":"2026-05-04 13:08:52"}
{"level":"error","message":"❌ MySQL 连接失败：","timestamp":"2026-05-04 13:08:52"}
{"level":"info","message":"✅ Redis connected","timestamp":"2026-05-04 13:16:39"}
{"level":"info","message":"✅ MySQL connected (pool size: 20)","timestamp":"2026-05-04 13:16:39"}
{"level":"info","message":"✅ Server running on port 3000","timestamp":"2026-05-04 13:16:39"}
{"level":"error","message":"GET /api/activities - Unknown column 'a.moderation_status' in 'where clause'","stack":"Error: Unknown column 'a.moderation_status' in 'where clause'\n    at query (X:\\A\\1\\activity-miniapp\\backend\\src\\config\\db.js:34:31)\n    at process.processTicksAndRejections (node:internal/process/task_queues:105:5)\n    at async exports.list (X:\\A\\1\\activity-miniapp\\backend\\src\\controllers\\activityController.js:117:18)","timestamp":"2026-05-04 13:16:55"}
{"level":"warn","message":"[generate_urllink]","timestamp":"2026-05-04 13:20:59"}
{"level":"warn","message":"[getCheckinQRCode] URL Link 不可用（多为个人主体），改无限制小程序码","timestamp":"2026-05-04 13:20:59"}
{"level":"error","message":"GET /api/activities/3052b3cc-52ca-4ece-960a-44ad21201777/checkin-qrcode - invalid page rid: 69f81eab-4e10cf33-392451c3","stack":"Error: invalid page rid: 69f81eab-4e10cf33-392451c3\n    at Object.generateUnlimitedWxacodeBuffer (X:\\A\\1\\activity-miniapp\\backend\\src\\services\\wxService.js:211:13)\n    at process.processTicksAndRejections (node:internal/process/task_queues:105:5)\n    at async exports.getCheckinQRCode (X:\\A\\1\\activity-miniapp\\backend\\src\\controllers\\activityController.js:430:21)","timestamp":"2026-05-04 13:21:00"}
{"level":"error","message":"POST /api/activities - Column count doesn't match value count at row 1","stack":"Error: Column count doesn't match value count at row 1\n    at X:\\A\\1\\activity-miniapp\\backend\\src\\controllers\\activityController.js:269:18\n    at transaction (X:\\A\\1\\activity-miniapp\\backend\\src\\config\\db.js:50:26)\n    at process.processTicksAndRejections (node:internal/process/task_queues:105:5)\n    at async exports.create (X:\\A\\1\\activity-miniapp\\backend\\src\\controllers\\activityController.js:268:5)","timestamp":"2026-05-04 13:22:50"}
{"level":"error","message":"POST /api/activities - Column count doesn't match value count at row 1","stack":"Error: Column count doesn't match value count at row 1\n    at X:\\A\\1\\activity-miniapp\\backend\\src\\controllers\\activityController.js:269:18\n    at transaction (X:\\A\\1\\activity-miniapp\\backend\\src\\config\\db.js:50:26)\n    at process.processTicksAndRejections (node:internal/process/task_queues:105:5)\n    at async exports.create (X:\\A\\1\\activity-miniapp\\backend\\src\\controllers\\activityController.js:268:5)","timestamp":"2026-05-04 13:22:52"}
{"level":"error","message":"POST /api/activities - Column count doesn't match value count at row 1","stack":"Error: Column count doesn't match value count at row 1\n    at X:\\A\\1\\activity-miniapp\\backend\\src\\controllers\\activityController.js:269:18\n    at transaction (X:\\A\\1\\activity-miniapp\\backend\\src\\config\\db.js:50:26)\n    at process.processTicksAndRejections (node:internal/process/task_queues:105:5)\n    at async exports.create (X:\\A\\1\\activity-miniapp\\backend\\src\\controllers\\activityController.js:268:5)","timestamp":"2026-05-04 13:25:31"}
{"level":"error","message":"POST /api/activities - Column count doesn't match value count at row 1","stack":"Error: Column count doesn't match value count at row 1\n    at X:\\A\\1\\activity-miniapp\\backend\\src\\controllers\\activityController.js:269:18\n    at transaction (X:\\A\\1\\activity-miniapp\\backend\\src\\config\\db.js:50:26)\n    at process.processTicksAndRejections (node:internal/process/task_queues:105:5)\n    at async exports.create (X:\\A\\1\\activity-miniapp\\backend\\src\\controllers\\activityController.js:268:5)","timestamp":"2026-05-04 13:25:37"}
{"level":"error","message":"POST /api/activities - Column count doesn't match value count at row 1","stack":"Error: Column count doesn't match value count at row 1\n    at X:\\A\\1\\activity-miniapp\\backend\\src\\controllers\\activityController.js:269:18\n    at transaction (X:\\A\\1\\activity-miniapp\\backend\\src\\config\\db.js:50:26)\n    at process.processTicksAndRejections (node:internal/process/task_queues:105:5)\n    at async exports.create (X:\\A\\1\\activity-miniapp\\backend\\src\\controllers\\activityController.js:268:5)","timestamp":"2026-05-04 13:28:13"}
{"level":"error","message":"POST /api/activities - Column count doesn't match value count at row 1","stack":"Error: Column count doesn't match value count at row 1\n    at X:\\A\\1\\activity-miniapp\\backend\\src\\controllers\\activityController.js:269:18\n    at transaction (X:\\A\\1\\activity-miniapp\\backend\\src\\config\\db.js:50:26)\n    at process.processTicksAndRejections (node:internal/process/task_queues:105:5)\n    at async exports.create (X:\\A\\1\\activity-miniapp\\backend\\src\\controllers\\activityController.js:268:5)","timestamp":"2026-05-04 13:28:54"}
{"level":"error","message":"POST /api/activities - Column count doesn't match value count at row 1","stack":"Error: Column count doesn't match value count at row 1\n    at X:\\A\\1\\activity-miniapp\\backend\\src\\controllers\\activityController.js:269:18\n    at transaction (X:\\A\\1\\activity-miniapp\\backend\\src\\config\\db.js:50:26)\n    at process.processTicksAndRejections (node:internal/process/task_queues:105:5)\n    at async exports.create (X:\\A\\1\\activity-miniapp\\backend\\src\\controllers\\activityController.js:268:5)","timestamp":"2026-05-04 13:28:55"}
{"level":"error","message":"POST /api/activities - Column count doesn't match value count at row 1","stack":"Error: Column count doesn't match value count at row 1\n    at X:\\A\\1\\activity-miniapp\\backend\\src\\controllers\\activityController.js:269:18\n    at transaction (X:\\A\\1\\activity-miniapp\\backend\\src\\config\\db.js:50:26)\n    at process.processTicksAndRejections (node:internal/process/task_queues:105:5)\n    at async exports.create (X:\\A\\1\\activity-miniapp\\backend\\src\\controllers\\activityController.js:268:5)","timestamp":"2026-05-04 13:28:55"}
{"level":"error","message":"POST /api/activities - Column count doesn't match value count at row 1","stack":"Error: Column count doesn't match value count at row 1\n    at X:\\A\\1\\activity-miniapp\\backend\\src\\controllers\\activityController.js:269:18\n    at transaction (X:\\A\\1\\activity-miniapp\\backend\\src\\config\\db.js:50:26)\n    at process.processTicksAndRejections (node:internal/process/task_queues:105:5)\n    at async exports.create (X:\\A\\1\\activity-miniapp\\backend\\src\\controllers\\activityController.js:268:5)","timestamp":"2026-05-04 13:28:56"}
{"level":"error","message":"POST /api/activities - Column count doesn't match value count at row 1","stack":"Error: Column count doesn't match value count at row 1\n    at X:\\A\\1\\activity-miniapp\\backend\\src\\controllers\\activityController.js:269:18\n    at transaction (X:\\A\\1\\activity-miniapp\\backend\\src\\config\\db.js:50:26)\n    at process.processTicksAndRejections (node:internal/process/task_queues:105:5)\n    at async exports.create (X:\\A\\1\\activity-miniapp\\backend\\src\\controllers\\activityController.js:268:5)","timestamp":"2026-05-04 13:28:56"}
{"level":"error","message":"POST /api/activities - Column count doesn't match value count at row 1","stack":"Error: Column count doesn't match value count at row 1\n    at X:\\A\\1\\activity-miniapp\\backend\\src\\controllers\\activityController.js:269:18\n    at transaction (X:\\A\\1\\activity-miniapp\\backend\\src\\config\\db.js:50:26)\n    at process.processTicksAndRejections (node:internal/process/task_queues:105:5)\n    at async exports.create (X:\\A\\1\\activity-miniapp\\backend\\src\\controllers\\activityController.js:268:5)","timestamp":"2026-05-04 13:28:56"}
{"level":"error","message":"POST /api/activities - Column count doesn't match value count at row 1","stack":"Error: Column count doesn't match value count at row 1\n    at X:\\A\\1\\activity-miniapp\\backend\\src\\controllers\\activityController.js:269:18\n    at transaction (X:\\A\\1\\activity-miniapp\\backend\\src\\config\\db.js:50:26)\n    at process.processTicksAndRejections (node:internal/process/task_queues:105:5)\n    at async exports.create (X:\\A\\1\\activity-miniapp\\backend\\src\\controllers\\activityController.js:268:5)","timestamp":"2026-05-04 13:28:56"}
{"level":"error","message":"POST /api/activities - Column count doesn't match value count at row 1","stack":"Error: Column count doesn't match value count at row 1\n    at X:\\A\\1\\activity-miniapp\\backend\\src\\controllers\\activityController.js:269:18\n    at transaction (X:\\A\\1\\activity-miniapp\\backend\\src\\config\\db.js:50:26)\n    at process.processTicksAndRejections (node:internal/process/task_queues:105:5)\n    at async exports.create (X:\\A\\1\\activity-miniapp\\backend\\src\\controllers\\activityController.js:268:5)","timestamp":"2026-05-04 13:28:56"}
{"level":"error","message":"POST /api/activities - Column count doesn't match value count at row 1","stack":"Error: Column count doesn't match value count at row 1\n    at X:\\A\\1\\activity-miniapp\\backend\\src\\controllers\\activityController.js:269:18\n    at transaction (X:\\A\\1\\activity-miniapp\\backend\\src\\config\\db.js:50:26)\n    at process.processTicksAndRejections (node:internal/process/task_queues:105:5)\n    at async exports.create (X:\\A\\1\\activity-miniapp\\backend\\src\\controllers\\activityController.js:268:5)","timestamp":"2026-05-04 13:28:56"}
{"level":"error","message":"POST /api/activities - Column count doesn't match value count at row 1","stack":"Error: Column count doesn't match value count at row 1\n    at X:\\A\\1\\activity-miniapp\\backend\\src\\controllers\\activityController.js:269:18\n    at transaction (X:\\A\\1\\activity-miniapp\\backend\\src\\config\\db.js:50:26)\n    at process.processTicksAndRejections (node:internal/process/task_queues:105:5)\n    at async exports.create (X:\\A\\1\\activity-miniapp\\backend\\src\\controllers\\activityController.js:268:5)","timestamp":"2026-05-04 13:28:58"}
{"level":"error","message":"POST /api/activities - Column count doesn't match value count at row 1","stack":"Error: Column count doesn't match value count at row 1\n    at X:\\A\\1\\activity-miniapp\\backend\\src\\controllers\\activityController.js:269:18\n    at transaction (X:\\A\\1\\activity-miniapp\\backend\\src\\config\\db.js:50:26)\n    at process.processTicksAndRejections (node:internal/process/task_queues:105:5)\n    at async exports.create (X:\\A\\1\\activity-miniapp\\backend\\src\\controllers\\activityController.js:268:5)","timestamp":"2026-05-04 13:28:58"}
{"level":"error","message":"POST /api/activities - Column count doesn't match value count at row 1","stack":"Error: Column count doesn't match value count at row 1\n    at X:\\A\\1\\activity-miniapp\\backend\\src\\controllers\\activityController.js:269:18\n    at transaction (X:\\A\\1\\activity-miniapp\\backend\\src\\config\\db.js:50:26)\n    at process.processTicksAndRejections (node:internal/process/task_queues:105:5)\n    at async exports.create (X:\\A\\1\\activity-miniapp\\backend\\src\\controllers\\activityController.js:268:5)","timestamp":"2026-05-04 13:28:58"}
{"level":"error","message":"POST /api/activities - Column count doesn't match value count at row 1","stack":"Error: Column count doesn't match value count at row 1\n    at X:\\A\\1\\activity-miniapp\\backend\\src\\controllers\\activityController.js:269:18\n    at transaction (X:\\A\\1\\activity-miniapp\\backend\\src\\config\\db.js:50:26)\n    at process.processTicksAndRejections (node:internal/process/task_queues:105:5)\n    at async exports.create (X:\\A\\1\\activity-miniapp\\backend\\src\\controllers\\activityController.js:268:5)","timestamp":"2026-05-04 13:28:58"}
{"level":"error","message":"POST /api/activities - Column count doesn't match value count at row 1","stack":"Error: Column count doesn't match value count at row 1\n    at X:\\A\\1\\activity-miniapp\\backend\\src\\controllers\\activityController.js:269:18\n    at transaction (X:\\A\\1\\activity-miniapp\\backend\\src\\config\\db.js:50:26)\n    at process.processTicksAndRejections (node:internal/process/task_queues:105:5)\n    at async exports.create (X:\\A\\1\\activity-miniapp\\backend\\src\\controllers\\activityController.js:268:5)","timestamp":"2026-05-04 13:28:58"}
{"level":"error","message":"POST /api/activities - Column count doesn't match value count at row 1","stack":"Error: Column count doesn't match value count at row 1\n    at X:\\A\\1\\activity-miniapp\\backend\\src\\controllers\\activityController.js:269:18\n    at transaction (X:\\A\\1\\activity-miniapp\\backend\\src\\config\\db.js:50:26)\n    at process.processTicksAndRejections (node:internal/process/task_queues:105:5)\n    at async exports.create (X:\\A\\1\\activity-miniapp\\backend\\src\\controllers\\activityController.js:268:5)","timestamp":"2026-05-04 13:28:59"}
{"level":"error","message":"POST /api/activities - Column count doesn't match value count at row 1","stack":"Error: Column count doesn't match value count at row 1\n    at X:\\A\\1\\activity-miniapp\\backend\\src\\controllers\\activityController.js:269:18\n    at transaction (X:\\A\\1\\activity-miniapp\\backend\\src\\config\\db.js:50:26)\n    at process.processTicksAndRejections (node:internal/process/task_queues:105:5)\n    at async exports.create (X:\\A\\1\\activity-miniapp\\backend\\src\\controllers\\activityController.js:268:5)","timestamp":"2026-05-04 13:28:59"}
{"level":"error","message":"POST /api/activities - Column count doesn't match value count at row 1","stack":"Error: Column count doesn't match value count at row 1\n    at X:\\A\\1\\activity-miniapp\\backend\\src\\controllers\\activityController.js:269:18\n    at transaction (X:\\A\\1\\activity-miniapp\\backend\\src\\config\\db.js:50:26)\n    at process.processTicksAndRejections (node:internal/process/task_queues:105:5)\n    at async exports.create (X:\\A\\1\\activity-miniapp\\backend\\src\\controllers\\activityController.js:268:5)","timestamp":"2026-05-04 13:28:59"}
{"level":"error","message":"POST /api/activities - Column count doesn't match value count at row 1","stack":"Error: Column count doesn't match value count at row 1\n    at X:\\A\\1\\activity-miniapp\\backend\\src\\controllers\\activityController.js:269:18\n    at transaction (X:\\A\\1\\activity-miniapp\\backend\\src\\config\\db.js:50:26)\n    at process.processTicksAndRejections (node:internal/process/task_queues:105:5)\n    at async exports.create (X:\\A\\1\\activity-miniapp\\backend\\src\\controllers\\activityController.js:268:5)","timestamp":"2026-05-04 13:28:59"}
{"level":"error","message":"POST /api/activities - Column count doesn't match value count at row 1","stack":"Error: Column count doesn't match value count at row 1\n    at X:\\A\\1\\activity-miniapp\\backend\\src\\controllers\\activityController.js:269:18\n    at transaction (X:\\A\\1\\activity-miniapp\\backend\\src\\config\\db.js:50:26)\n    at process.processTicksAndRejections (node:internal/process/task_queues:105:5)\n    at async exports.create (X:\\A\\1\\activity-miniapp\\backend\\src\\controllers\\activityController.js:268:5)","timestamp":"2026-05-04 13:28:59"}
{"level":"error","message":"POST /api/activities - Column count doesn't match value count at row 1","stack":"Error: Column count doesn't match value count at row 1\n    at X:\\A\\1\\activity-miniapp\\backend\\src\\controllers\\activityController.js:269:18\n    at transaction (X:\\A\\1\\activity-miniapp\\backend\\src\\config\\db.js:50:26)\n    at process.processTicksAndRejections (node:internal/process/task_queues:105:5)\n    at async exports.create (X:\\A\\1\\activity-miniapp\\backend\\src\\controllers\\activityController.js:268:5)","timestamp":"2026-05-04 13:29:00"}
{"level":"error","message":"POST /api/activities - Column count doesn't match value count at row 1","stack":"Error: Column count doesn't match value count at row 1\n    at X:\\A\\1\\activity-miniapp\\backend\\src\\controllers\\activityController.js:269:18\n    at transaction (X:\\A\\1\\activity-miniapp\\backend\\src\\config\\db.js:50:26)\n    at process.processTicksAndRejections (node:internal/process/task_queues:105:5)\n    at async exports.create (X:\\A\\1\\activity-miniapp\\backend\\src\\controllers\\activityController.js:268:5)","timestamp":"2026-05-04 13:29:00"}
{"level":"error","message":"POST /api/activities - Column count doesn't match value count at row 1","stack":"Error: Column count doesn't match value count at row 1\n    at X:\\A\\1\\activity-miniapp\\backend\\src\\controllers\\activityController.js:269:18\n    at transaction (X:\\A\\1\\activity-miniapp\\backend\\src\\config\\db.js:50:26)\n    at process.processTicksAndRejections (node:internal/process/task_queues:105:5)\n    at async exports.create (X:\\A\\1\\activity-miniapp\\backend\\src\\controllers\\activityController.js:268:5)","timestamp":"2026-05-04 13:29:00"}
{"level":"error","message":"POST /api/activities - Column count doesn't match value count at row 1","stack":"Error: Column count doesn't match value count at row 1\n    at X:\\A\\1\\activity-miniapp\\backend\\src\\controllers\\activityController.js:269:18\n    at transaction (X:\\A\\1\\activity-miniapp\\backend\\src\\config\\db.js:50:26)\n    at process.processTicksAndRejections (node:internal/process/task_queues:105:5)\n    at async exports.create (X:\\A\\1\\activity-miniapp\\backend\\src\\controllers\\activityController.js:268:5)","timestamp":"2026-05-04 13:29:00"}
{"level":"error","message":"POST /api/activities - Column count doesn't match value count at row 1","stack":"Error: Column count doesn't match value count at row 1\n    at X:\\A\\1\\activity-miniapp\\backend\\src\\controllers\\activityController.js:269:18\n    at transaction (X:\\A\\1\\activity-miniapp\\backend\\src\\config\\db.js:50:26)\n    at process.processTicksAndRejections (node:internal/process/task_queues:105:5)\n    at async exports.create (X:\\A\\1\\activity-miniapp\\backend\\src\\controllers\\activityController.js:268:5)","timestamp":"2026-05-04 14:12:53"}
{"level":"error","message":"POST /api/activities - Column count doesn't match value count at row 1","stack":"Error: Column count doesn't match value count at row 1\n    at X:\\A\\1\\activity-miniapp\\backend\\src\\controllers\\activityController.js:269:18\n    at transaction (X:\\A\\1\\activity-miniapp\\backend\\src\\config\\db.js:50:26)\n    at process.processTicksAndRejections (node:internal/process/task_queues:105:5)\n    at async exports.create (X:\\A\\1\\activity-miniapp\\backend\\src\\controllers\\activityController.js:268:5)","timestamp":"2026-05-04 14:12:55"}
{"level":"error","message":"POST /api/activities - Column count doesn't match value count at row 1","stack":"Error: Column count doesn't match value count at row 1\n    at X:\\A\\1\\activity-miniapp\\backend\\src\\controllers\\activityController.js:269:18\n    at transaction (X:\\A\\1\\activity-miniapp\\backend\\src\\config\\db.js:50:26)\n    at process.processTicksAndRejections (node:internal/process/task_queues:105:5)\n    at async exports.create (X:\\A\\1\\activity-miniapp\\backend\\src\\controllers\\activityController.js:268:5)","timestamp":"2026-05-04 14:13:02"}
{"level":"error","message":"POST /api/activities - Column count doesn't match value count at row 1","stack":"Error: Column count doesn't match value count at row 1\n    at X:\\A\\1\\activity-miniapp\\backend\\src\\controllers\\activityController.js:269:18\n    at transaction (X:\\A\\1\\activity-miniapp\\backend\\src\\config\\db.js:50:26)\n    at process.processTicksAndRejections (node:internal/process/task_queues:105:5)\n    at async exports.create (X:\\A\\1\\activity-miniapp\\backend\\src\\controllers\\activityController.js:268:5)","timestamp":"2026-05-04 14:13:04"}
{"level":"error","message":"POST /api/activities - Column count doesn't match value count at row 1","stack":"Error: Column count doesn't match value count at row 1\n    at X:\\A\\1\\activity-miniapp\\backend\\src\\controllers\\activityController.js:269:18\n    at transaction (X:\\A\\1\\activity-miniapp\\backend\\src\\config\\db.js:50:26)\n    at process.processTicksAndRejections (node:internal/process/task_queues:105:5)\n    at async exports.create (X:\\A\\1\\activity-miniapp\\backend\\src\\controllers\\activityController.js:268:5)","timestamp":"2026-05-04 14:33:08"}
{"level":"error","message":"POST /api/activities - Column count doesn't match value count at row 1","stack":"Error: Column count doesn't match value count at row 1\n    at X:\\A\\1\\activity-miniapp\\backend\\src\\controllers\\activityController.js:269:18\n    at transaction (X:\\A\\1\\activity-miniapp\\backend\\src\\config\\db.js:50:26)\n    at process.processTicksAndRejections (node:internal/process/task_queues:105:5)\n    at async exports.create (X:\\A\\1\\activity-miniapp\\backend\\src\\controllers\\activityController.js:268:5)","timestamp":"2026-05-04 14:33:10"}
{"level":"error","message":"POST /api/activities - Column count doesn't match value count at row 1","stack":"Error: Column count doesn't match value count at row 1\n    at X:\\A\\1\\activity-miniapp\\backend\\src\\controllers\\activityController.js:269:18\n    at transaction (X:\\A\\1\\activity-miniapp\\backend\\src\\config\\db.js:50:26)\n    at process.processTicksAndRejections (node:internal/process/task_queues:105:5)\n    at async exports.create (X:\\A\\1\\activity-miniapp\\backend\\src\\controllers\\activityController.js:268:5)","timestamp":"2026-05-04 14:33:11"}
{"level":"error","message":"POST /api/activities - Column count doesn't match value count at row 1","stack":"Error: Column count doesn't match value count at row 1\n    at X:\\A\\1\\activity-miniapp\\backend\\src\\controllers\\activityController.js:269:18\n    at transaction (X:\\A\\1\\activity-miniapp\\backend\\src\\config\\db.js:50:26)\n    at process.processTicksAndRejections (node:internal/process/task_queues:105:5)\n    at async exports.create (X:\\A\\1\\activity-miniapp\\backend\\src\\controllers\\activityController.js:268:5)","timestamp":"2026-05-04 14:33:12"}
{"level":"error","message":"POST /api/activities - Column count doesn't match value count at row 1","stack":"Error: Column count doesn't match value count at row 1\n    at X:\\A\\1\\activity-miniapp\\backend\\src\\controllers\\activityController.js:269:18\n    at transaction (X:\\A\\1\\activity-miniapp\\backend\\src\\config\\db.js:50:26)\n    at process.processTicksAndRejections (node:internal/process/task_queues:105:5)\n    at async exports.create (X:\\A\\1\\activity-miniapp\\backend\\src\\controllers\\activityController.js:268:5)","timestamp":"2026-05-04 14:33:12"}
{"level":"error","message":"POST /api/activities - Column count doesn't match value count at row 1","stack":"Error: Column count doesn't match value count at row 1\n    at X:\\A\\1\\activity-miniapp\\backend\\src\\controllers\\activityController.js:269:18\n    at transaction (X:\\A\\1\\activity-miniapp\\backend\\src\\config\\db.js:50:26)\n    at process.processTicksAndRejections (node:internal/process/task_queues:105:5)\n    at async exports.create (X:\\A\\1\\activity-miniapp\\backend\\src\\controllers\\activityController.js:268:5)","timestamp":"2026-05-04 14:33:12"}
{"level":"error","message":"POST /api/activities - Column count doesn't match value count at row 1","stack":"Error: Column count doesn't match value count at row 1\n    at X:\\A\\1\\activity-miniapp\\backend\\src\\controllers\\activityController.js:269:18\n    at transaction (X:\\A\\1\\activity-miniapp\\backend\\src\\config\\db.js:50:26)\n    at process.processTicksAndRejections (node:internal/process/task_queues:105:5)\n    at async exports.create (X:\\A\\1\\activity-miniapp\\backend\\src\\controllers\\activityController.js:268:5)","timestamp":"2026-05-04 14:33:15"}
{"level":"error","message":"POST /api/activities - Column count doesn't match value count at row 1","stack":"Error: Column count doesn't match value count at row 1\n    at X:\\A\\1\\activity-miniapp\\backend\\src\\controllers\\activityController.js:269:18\n    at transaction (X:\\A\\1\\activity-miniapp\\backend\\src\\config\\db.js:50:26)\n    at process.processTicksAndRejections (node:internal/process/task_queues:105:5)\n    at async exports.create (X:\\A\\1\\activity-miniapp\\backend\\src\\controllers\\activityController.js:268:5)","timestamp":"2026-05-04 14:33:17"}
{"level":"error","message":"POST /api/activities - Column count doesn't match value count at row 1","stack":"Error: Column count doesn't match value count at row 1\n    at X:\\A\\1\\activity-miniapp\\backend\\src\\controllers\\activityController.js:269:18\n    at transaction (X:\\A\\1\\activity-miniapp\\backend\\src\\config\\db.js:50:26)\n    at process.processTicksAndRejections (node:internal/process/task_queues:105:5)\n    at async exports.create (X:\\A\\1\\activity-miniapp\\backend\\src\\controllers\\activityController.js:268:5)","timestamp":"2026-05-04 14:33:18"}
{"level":"error","message":"POST /api/activities - Column count doesn't match value count at row 1","stack":"Error: Column count doesn't match value count at row 1\n    at X:\\A\\1\\activity-miniapp\\backend\\src\\controllers\\activityController.js:269:18\n    at transaction (X:\\A\\1\\activity-miniapp\\backend\\src\\config\\db.js:50:26)\n    at process.processTicksAndRejections (node:internal/process/task_queues:105:5)\n    at async exports.create (X:\\A\\1\\activity-miniapp\\backend\\src\\controllers\\activityController.js:268:5)","timestamp":"2026-05-04 14:33:20"}
{"level":"error","message":"POST /api/activities - Column count doesn't match value count at row 1","stack":"Error: Column count doesn't match value count at row 1\n    at X:\\A\\1\\activity-miniapp\\backend\\src\\controllers\\activityController.js:269:18\n    at transaction (X:\\A\\1\\activity-miniapp\\backend\\src\\config\\db.js:50:26)\n    at process.processTicksAndRejections (node:internal/process/task_queues:105:5)\n    at async exports.create (X:\\A\\1\\activity-miniapp\\backend\\src\\controllers\\activityController.js:268:5)","timestamp":"2026-05-04 14:33:20"}
{"level":"error","message":"POST /api/activities - Column count doesn't match value count at row 1","stack":"Error: Column count doesn't match value count at row 1\n    at X:\\A\\1\\activity-miniapp\\backend\\src\\controllers\\activityController.js:269:18\n    at transaction (X:\\A\\1\\activity-miniapp\\backend\\src\\config\\db.js:50:26)\n    at process.processTicksAndRejections (node:internal/process/task_queues:105:5)\n    at async exports.create (X:\\A\\1\\activity-miniapp\\backend\\src\\controllers\\activityController.js:268:5)","timestamp":"2026-05-04 14:33:20"}
{"level":"error","message":"POST /api/activities - Column count doesn't match value count at row 1","stack":"Error: Column count doesn't match value count at row 1\n    at X:\\A\\1\\activity-miniapp\\backend\\src\\controllers\\activityController.js:269:18\n    at transaction (X:\\A\\1\\activity-miniapp\\backend\\src\\config\\db.js:50:26)\n    at process.processTicksAndRejections (node:internal/process/task_queues:105:5)\n    at async exports.create (X:\\A\\1\\activity-miniapp\\backend\\src\\controllers\\activityController.js:268:5)","timestamp":"2026-05-04 14:33:20"}
{"level":"error","message":"POST /api/activities - Column count doesn't match value count at row 1","stack":"Error: Column count doesn't match value count at row 1\n    at X:\\A\\1\\activity-miniapp\\backend\\src\\controllers\\activityController.js:269:18\n    at transaction (X:\\A\\1\\activity-miniapp\\backend\\src\\config\\db.js:50:26)\n    at process.processTicksAndRejections (node:internal/process/task_queues:105:5)\n    at async exports.create (X:\\A\\1\\activity-miniapp\\backend\\src\\controllers\\activityController.js:268:5)","timestamp":"2026-05-04 14:33:21"}
{"level":"error","message":"POST /api/activities - Column count doesn't match value count at row 1","stack":"Error: Column count doesn't match value count at row 1\n    at X:\\A\\1\\activity-miniapp\\backend\\src\\controllers\\activityController.js:269:18\n    at transaction (X:\\A\\1\\activity-miniapp\\backend\\src\\config\\db.js:50:26)\n    at process.processTicksAndRejections (node:internal/process/task_queues:105:5)\n    at async exports.create (X:\\A\\1\\activity-miniapp\\backend\\src\\controllers\\activityController.js:268:5)","timestamp":"2026-05-04 14:33:21"}
{"level":"error","message":"POST /api/activities - Column count doesn't match value count at row 1","stack":"Error: Column count doesn't match value count at row 1\n    at X:\\A\\1\\activity-miniapp\\backend\\src\\controllers\\activityController.js:269:18\n    at transaction (X:\\A\\1\\activity-miniapp\\backend\\src\\config\\db.js:50:26)\n    at process.processTicksAndRejections (node:internal/process/task_queues:105:5)\n    at async exports.create (X:\\A\\1\\activity-miniapp\\backend\\src\\controllers\\activityController.js:268:5)","timestamp":"2026-05-04 14:33:21"}
{"level":"error","message":"POST /api/activities - Column count doesn't match value count at row 1","stack":"Error: Column count doesn't match value count at row 1\n    at X:\\A\\1\\activity-miniapp\\backend\\src\\controllers\\activityController.js:269:18\n    at transaction (X:\\A\\1\\activity-miniapp\\backend\\src\\config\\db.js:50:26)\n    at process.processTicksAndRejections (node:internal/process/task_queues:105:5)\n    at async exports.create (X:\\A\\1\\activity-miniapp\\backend\\src\\controllers\\activityController.js:268:5)","timestamp":"2026-05-04 14:33:21"}
{"level":"error","message":"POST /api/activities - Column count doesn't match value count at row 1","stack":"Error: Column count doesn't match value count at row 1\n    at X:\\A\\1\\activity-miniapp\\backend\\src\\controllers\\activityController.js:269:18\n    at transaction (X:\\A\\1\\activity-miniapp\\backend\\src\\config\\db.js:50:26)\n    at process.processTicksAndRejections (node:internal/process/task_queues:105:5)\n    at async exports.create (X:\\A\\1\\activity-miniapp\\backend\\src\\controllers\\activityController.js:268:5)","timestamp":"2026-05-04 14:33:21"}
{"level":"error","message":"POST /api/activities - Column count doesn't match value count at row 1","stack":"Error: Column count doesn't match value count at row 1\n    at X:\\A\\1\\activity-miniapp\\backend\\src\\controllers\\activityController.js:269:18\n    at transaction (X:\\A\\1\\activity-miniapp\\backend\\src\\config\\db.js:50:26)\n    at process.processTicksAndRejections (node:internal/process/task_queues:105:5)\n    at async exports.create (X:\\A\\1\\activity-miniapp\\backend\\src\\controllers\\activityController.js:268:5)","timestamp":"2026-05-04 14:33:21"}
{"level":"error","message":"POST /api/activities - Column count doesn't match value count at row 1","stack":"Error: Column count doesn't match value count at row 1\n    at X:\\A\\1\\activity-miniapp\\backend\\src\\controllers\\activityController.js:269:18\n    at transaction (X:\\A\\1\\activity-miniapp\\backend\\src\\config\\db.js:50:26)\n    at process.processTicksAndRejections (node:internal/process/task_queues:105:5)\n    at async exports.create (X:\\A\\1\\activity-miniapp\\backend\\src\\controllers\\activityController.js:268:5)","timestamp":"2026-05-04 14:42:11"}
{"level":"error","message":"POST /api/activities - Column count doesn't match value count at row 1","stack":"Error: Column count doesn't match value count at row 1\n    at X:\\A\\1\\activity-miniapp\\backend\\src\\controllers\\activityController.js:269:18\n    at transaction (X:\\A\\1\\activity-miniapp\\backend\\src\\config\\db.js:50:26)\n    at process.processTicksAndRejections (node:internal/process/task_queues:105:5)\n    at async exports.create (X:\\A\\1\\activity-miniapp\\backend\\src\\controllers\\activityController.js:268:5)","timestamp":"2026-05-04 14:42:15"}
{"level":"error","message":"POST /api/activities - Column count doesn't match value count at row 1","stack":"Error: Column count doesn't match value count at row 1\n    at X:\\A\\1\\activity-miniapp\\backend\\src\\controllers\\activityController.js:269:18\n    at transaction (X:\\A\\1\\activity-miniapp\\backend\\src\\config\\db.js:50:26)\n    at process.processTicksAndRejections (node:internal/process/task_queues:105:5)\n    at async exports.create (X:\\A\\1\\activity-miniapp\\backend\\src\\controllers\\activityController.js:268:5)","timestamp":"2026-05-04 14:42:16"}
{"level":"error","message":"POST /api/activities - Column count doesn't match value count at row 1","stack":"Error: Column count doesn't match value count at row 1\n    at X:\\A\\1\\activity-miniapp\\backend\\src\\controllers\\activityController.js:269:18\n    at transaction (X:\\A\\1\\activity-miniapp\\backend\\src\\config\\db.js:50:26)\n    at process.processTicksAndRejections (node:internal/process/task_queues:105:5)\n    at async exports.create (X:\\A\\1\\activity-miniapp\\backend\\src\\controllers\\activityController.js:268:5)","timestamp":"2026-05-04 14:42:16"}
{"level":"error","message":"POST /api/activities - Column count doesn't match value count at row 1","stack":"Error: Column count doesn't match value count at row 1\n    at X:\\A\\1\\activity-miniapp\\backend\\src\\controllers\\activityController.js:269:18\n    at transaction (X:\\A\\1\\activity-miniapp\\backend\\src\\config\\db.js:50:26)\n    at process.processTicksAndRejections (node:internal/process/task_queues:105:5)\n    at async exports.create (X:\\A\\1\\activity-miniapp\\backend\\src\\controllers\\activityController.js:268:5)","timestamp":"2026-05-04 14:42:16"}
{"level":"error","message":"POST /api/activities - Column count doesn't match value count at row 1","stack":"Error: Column count doesn't match value count at row 1\n    at X:\\A\\1\\activity-miniapp\\backend\\src\\controllers\\activityController.js:269:18\n    at transaction (X:\\A\\1\\activity-miniapp\\backend\\src\\config\\db.js:50:26)\n    at process.processTicksAndRejections (node:internal/process/task_queues:105:5)\n    at async exports.create (X:\\A\\1\\activity-miniapp\\backend\\src\\controllers\\activityController.js:268:5)","timestamp":"2026-05-04 14:42:16"}
{"level":"error","message":"POST /api/activities - Column count doesn't match value count at row 1","stack":"Error: Column count doesn't match value count at row 1\n    at X:\\A\\1\\activity-miniapp\\backend\\src\\controllers\\activityController.js:269:18\n    at transaction (X:\\A\\1\\activity-miniapp\\backend\\src\\config\\db.js:50:26)\n    at process.processTicksAndRejections (node:internal/process/task_queues:105:5)\n    at async exports.create (X:\\A\\1\\activity-miniapp\\backend\\src\\controllers\\activityController.js:268:5)","timestamp":"2026-05-04 14:42:17"}
{"level":"error","message":"POST /api/activities - Column count doesn't match value count at row 1","stack":"Error: Column count doesn't match value count at row 1\n    at X:\\A\\1\\activity-miniapp\\backend\\src\\controllers\\activityController.js:269:18\n    at transaction (X:\\A\\1\\activity-miniapp\\backend\\src\\config\\db.js:50:26)\n    at process.processTicksAndRejections (node:internal/process/task_queues:105:5)\n    at async exports.create (X:\\A\\1\\activity-miniapp\\backend\\src\\controllers\\activityController.js:268:5)","timestamp":"2026-05-04 14:42:17"}
{"level":"error","message":"POST /api/activities - Column count doesn't match value count at row 1","stack":"Error: Column count doesn't match value count at row 1\n    at X:\\A\\1\\activity-miniapp\\backend\\src\\controllers\\activityController.js:269:18\n    at transaction (X:\\A\\1\\activity-miniapp\\backend\\src\\config\\db.js:50:26)\n    at process.processTicksAndRejections (node:internal/process/task_queues:105:5)\n    at async exports.create (X:\\A\\1\\activity-miniapp\\backend\\src\\controllers\\activityController.js:268:5)","timestamp":"2026-05-04 14:42:17"}
{"level":"error","message":"POST /api/activities - Column count doesn't match value count at row 1","stack":"Error: Column count doesn't match value count at row 1\n    at X:\\A\\1\\activity-miniapp\\backend\\src\\controllers\\activityController.js:269:18\n    at transaction (X:\\A\\1\\activity-miniapp\\backend\\src\\config\\db.js:50:26)\n    at process.processTicksAndRejections (node:internal/process/task_queues:105:5)\n    at async exports.create (X:\\A\\1\\activity-miniapp\\backend\\src\\controllers\\activityController.js:268:5)","timestamp":"2026-05-04 14:42:17"}
{"level":"error","message":"POST /api/activities - Column count doesn't match value count at row 1","stack":"Error: Column count doesn't match value count at row 1\n    at X:\\A\\1\\activity-miniapp\\backend\\src\\controllers\\activityController.js:269:18\n    at transaction (X:\\A\\1\\activity-miniapp\\backend\\src\\config\\db.js:50:26)\n    at process.processTicksAndRejections (node:internal/process/task_queues:105:5)\n    at async exports.create (X:\\A\\1\\activity-miniapp\\backend\\src\\controllers\\activityController.js:268:5)","timestamp":"2026-05-04 14:42:17"}
{"level":"error","message":"POST /api/activities - Column count doesn't match value count at row 1","stack":"Error: Column count doesn't match value count at row 1\n    at X:\\A\\1\\activity-miniapp\\backend\\src\\controllers\\activityController.js:269:18\n    at transaction (X:\\A\\1\\activity-miniapp\\backend\\src\\config\\db.js:50:26)\n    at process.processTicksAndRejections (node:internal/process/task_queues:105:5)\n    at async exports.create (X:\\A\\1\\activity-miniapp\\backend\\src\\controllers\\activityController.js:268:5)","timestamp":"2026-05-04 14:42:18"}
{"level":"error","message":"POST /api/activities - Column count doesn't match value count at row 1","stack":"Error: Column count doesn't match value count at row 1\n    at X:\\A\\1\\activity-miniapp\\backend\\src\\controllers\\activityController.js:269:18\n    at transaction (X:\\A\\1\\activity-miniapp\\backend\\src\\config\\db.js:50:26)\n    at process.processTicksAndRejections (node:internal/process/task_queues:105:5)\n    at async exports.create (X:\\A\\1\\activity-miniapp\\backend\\src\\controllers\\activityController.js:268:5)","timestamp":"2026-05-04 14:42:18"}
{"level":"error","message":"POST /api/activities - Column count doesn't match value count at row 1","stack":"Error: Column count doesn't match value count at row 1\n    at X:\\A\\1\\activity-miniapp\\backend\\src\\controllers\\activityController.js:269:18\n    at transaction (X:\\A\\1\\activity-miniapp\\backend\\src\\config\\db.js:50:26)\n    at process.processTicksAndRejections (node:internal/process/task_queues:105:5)\n    at async exports.create (X:\\A\\1\\activity-miniapp\\backend\\src\\controllers\\activityController.js:268:5)","timestamp":"2026-05-04 14:42:18"}
{"level":"error","message":"POST /api/activities - Column count doesn't match value count at row 1","stack":"Error: Column count doesn't match value count at row 1\n    at X:\\A\\1\\activity-miniapp\\backend\\src\\controllers\\activityController.js:269:18\n    at transaction (X:\\A\\1\\activity-miniapp\\backend\\src\\config\\db.js:50:26)\n    at process.processTicksAndRejections (node:internal/process/task_queues:105:5)\n    at async exports.create (X:\\A\\1\\activity-miniapp\\backend\\src\\controllers\\activityController.js:268:5)","timestamp":"2026-05-04 14:42:18"}
{"level":"error","message":"POST /api/activities - Column count doesn't match value count at row 1","stack":"Error: Column count doesn't match value count at row 1\n    at X:\\A\\1\\activity-miniapp\\backend\\src\\controllers\\activityController.js:269:18\n    at transaction (X:\\A\\1\\activity-miniapp\\backend\\src\\config\\db.js:50:26)\n    at process.processTicksAndRejections (node:internal/process/task_queues:105:5)\n    at async exports.create (X:\\A\\1\\activity-miniapp\\backend\\src\\controllers\\activityController.js:268:5)","timestamp":"2026-05-04 14:42:19"}
{"level":"error","message":"POST /api/activities - Column count doesn't match value count at row 1","stack":"Error: Column count doesn't match value count at row 1\n    at X:\\A\\1\\activity-miniapp\\backend\\src\\controllers\\activityController.js:269:18\n    at transaction (X:\\A\\1\\activity-miniapp\\backend\\src\\config\\db.js:50:26)\n    at process.processTicksAndRejections (node:internal/process/task_queues:105:5)\n    at async exports.create (X:\\A\\1\\activity-miniapp\\backend\\src\\controllers\\activityController.js:268:5)","timestamp":"2026-05-04 14:42:19"}
{"level":"error","message":"POST /api/activities - Column count doesn't match value count at row 1","stack":"Error: Column count doesn't match value count at row 1\n    at X:\\A\\1\\activity-miniapp\\backend\\src\\controllers\\activityController.js:269:18\n    at transaction (X:\\A\\1\\activity-miniapp\\backend\\src\\config\\db.js:50:26)\n    at process.processTicksAndRejections (node:internal/process/task_queues:105:5)\n    at async exports.create (X:\\A\\1\\activity-miniapp\\backend\\src\\controllers\\activityController.js:268:5)","timestamp":"2026-05-04 14:42:19"}
{"level":"error","message":"POST /api/activities - Column count doesn't match value count at row 1","stack":"Error: Column count doesn't match value count at row 1\n    at X:\\A\\1\\activity-miniapp\\backend\\src\\controllers\\activityController.js:269:18\n    at transaction (X:\\A\\1\\activity-miniapp\\backend\\src\\config\\db.js:50:26)\n    at process.processTicksAndRejections (node:internal/process/task_queues:105:5)\n    at async exports.create (X:\\A\\1\\activity-miniapp\\backend\\src\\controllers\\activityController.js:268:5)","timestamp":"2026-05-04 14:42:19"}
{"level":"error","message":"POST /api/activities - Column count doesn't match value count at row 1","stack":"Error: Column count doesn't match value count at row 1\n    at X:\\A\\1\\activity-miniapp\\backend\\src\\controllers\\activityController.js:269:18\n    at transaction (X:\\A\\1\\activity-miniapp\\backend\\src\\config\\db.js:50:26)\n    at process.processTicksAndRejections (node:internal/process/task_queues:105:5)\n    at async exports.create (X:\\A\\1\\activity-miniapp\\backend\\src\\controllers\\activityController.js:268:5)","timestamp":"2026-05-04 14:42:19"}
{"level":"error","message":"POST /api/activities - Column count doesn't match value count at row 1","stack":"Error: Column count doesn't match value count at row 1\n    at X:\\A\\1\\activity-miniapp\\backend\\src\\controllers\\activityController.js:269:18\n    at transaction (X:\\A\\1\\activity-miniapp\\backend\\src\\config\\db.js:50:26)\n    at process.processTicksAndRejections (node:internal/process/task_queues:105:5)\n    at async exports.create (X:\\A\\1\\activity-miniapp\\backend\\src\\controllers\\activityController.js:268:5)","timestamp":"2026-05-04 14:42:20"}
{"level":"error","message":"POST /api/activities - Column count doesn't match value count at row 1","stack":"Error: Column count doesn't match value count at row 1\n    at X:\\A\\1\\activity-miniapp\\backend\\src\\controllers\\activityController.js:269:18\n    at transaction (X:\\A\\1\\activity-miniapp\\backend\\src\\config\\db.js:50:26)\n    at process.processTicksAndRejections (node:internal/process/task_queues:105:5)\n    at async exports.create (X:\\A\\1\\activity-miniapp\\backend\\src\\controllers\\activityController.js:268:5)","timestamp":"2026-05-04 14:42:20"}
{"level":"error","message":"POST /api/activities - Column count doesn't match value count at row 1","stack":"Error: Column count doesn't match value count at row 1\n    at X:\\A\\1\\activity-miniapp\\backend\\src\\controllers\\activityController.js:269:18\n    at transaction (X:\\A\\1\\activity-miniapp\\backend\\src\\config\\db.js:50:26)\n    at process.processTicksAndRejections (node:internal/process/task_queues:105:5)\n    at async exports.create (X:\\A\\1\\activity-miniapp\\backend\\src\\controllers\\activityController.js:268:5)","timestamp":"2026-05-04 14:42:20"}
{"level":"error","message":"POST /api/activities - Column count doesn't match value count at row 1","stack":"Error: Column count doesn't match value count at row 1\n    at X:\\A\\1\\activity-miniapp\\backend\\src\\controllers\\activityController.js:269:18\n    at transaction (X:\\A\\1\\activity-miniapp\\backend\\src\\config\\db.js:50:26)\n    at process.processTicksAndRejections (node:internal/process/task_queues:105:5)\n    at async exports.create (X:\\A\\1\\activity-miniapp\\backend\\src\\controllers\\activityController.js:268:5)","timestamp":"2026-05-04 14:42:20"}
{"level":"error","message":"POST /api/activities - Column count doesn't match value count at row 1","stack":"Error: Column count doesn't match value count at row 1\n    at X:\\A\\1\\activity-miniapp\\backend\\src\\controllers\\activityController.js:269:18\n    at transaction (X:\\A\\1\\activity-miniapp\\backend\\src\\config\\db.js:50:26)\n    at process.processTicksAndRejections (node:internal/process/task_queues:105:5)\n    at async exports.create (X:\\A\\1\\activity-miniapp\\backend\\src\\controllers\\activityController.js:268:5)","timestamp":"2026-05-04 14:42:20"}
{"level":"error","message":"POST /api/activities - Column count doesn't match value count at row 1","stack":"Error: Column count doesn't match value count at row 1\n    at X:\\A\\1\\activity-miniapp\\backend\\src\\controllers\\activityController.js:269:18\n    at transaction (X:\\A\\1\\activity-miniapp\\backend\\src\\config\\db.js:50:26)\n    at process.processTicksAndRejections (node:internal/process/task_queues:105:5)\n    at async exports.create (X:\\A\\1\\activity-miniapp\\backend\\src\\controllers\\activityController.js:268:5)","timestamp":"2026-05-04 14:42:21"}
{"level":"error","message":"POST /api/activities - Column count doesn't match value count at row 1","stack":"Error: Column count doesn't match value count at row 1\n    at X:\\A\\1\\activity-miniapp\\backend\\src\\controllers\\activityController.js:269:18\n    at transaction (X:\\A\\1\\activity-miniapp\\backend\\src\\config\\db.js:50:26)\n    at process.processTicksAndRejections (node:internal/process/task_queues:105:5)\n    at async exports.create (X:\\A\\1\\activity-miniapp\\backend\\src\\controllers\\activityController.js:268:5)","timestamp":"2026-05-04 14:42:21"}
{"level":"error","message":"POST /api/activities - Column count doesn't match value count at row 1","stack":"Error: Column count doesn't match value count at row 1\n    at X:\\A\\1\\activity-miniapp\\backend\\src\\controllers\\activityController.js:269:18\n    at transaction (X:\\A\\1\\activity-miniapp\\backend\\src\\config\\db.js:50:26)\n    at process.processTicksAndRejections (node:internal/process/task_queues:105:5)\n    at async exports.create (X:\\A\\1\\activity-miniapp\\backend\\src\\controllers\\activityController.js:268:5)","timestamp":"2026-05-04 14:42:21"}
{"level":"error","message":"POST /api/activities - Column count doesn't match value count at row 1","stack":"Error: Column count doesn't match value count at row 1\n    at X:\\A\\1\\activity-miniapp\\backend\\src\\controllers\\activityController.js:269:18\n    at transaction (X:\\A\\1\\activity-miniapp\\backend\\src\\config\\db.js:50:26)\n    at process.processTicksAndRejections (node:internal/process/task_queues:105:5)\n    at async exports.create (X:\\A\\1\\activity-miniapp\\backend\\src\\controllers\\activityController.js:268:5)","timestamp":"2026-05-04 14:42:21"}
{"level":"error","message":"POST /api/activities - Column count doesn't match value count at row 1","stack":"Error: Column count doesn't match value count at row 1\n    at X:\\A\\1\\activity-miniapp\\backend\\src\\controllers\\activityController.js:269:18\n    at transaction (X:\\A\\1\\activity-miniapp\\backend\\src\\config\\db.js:50:26)\n    at process.processTicksAndRejections (node:internal/process/task_queues:105:5)\n    at async exports.create (X:\\A\\1\\activity-miniapp\\backend\\src\\controllers\\activityController.js:268:5)","timestamp":"2026-05-04 14:42:21"}
{"level":"error","message":"POST /api/activities - Column count doesn't match value count at row 1","stack":"Error: Column count doesn't match value count at row 1\n    at X:\\A\\1\\activity-miniapp\\backend\\src\\controllers\\activityController.js:269:18\n    at transaction (X:\\A\\1\\activity-miniapp\\backend\\src\\config\\db.js:50:26)\n    at process.processTicksAndRejections (node:internal/process/task_queues:105:5)\n    at async exports.create (X:\\A\\1\\activity-miniapp\\backend\\src\\controllers\\activityController.js:268:5)","timestamp":"2026-05-04 14:48:39"}
{"level":"error","message":"POST /api/activities - Column count doesn't match value count at row 1","stack":"Error: Column count doesn't match value count at row 1\n    at X:\\A\\1\\activity-miniapp\\backend\\src\\controllers\\activityController.js:269:18\n    at transaction (X:\\A\\1\\activity-miniapp\\backend\\src\\config\\db.js:50:26)\n    at process.processTicksAndRejections (node:internal/process/task_queues:105:5)\n    at async exports.create (X:\\A\\1\\activity-miniapp\\backend\\src\\controllers\\activityController.js:268:5)","timestamp":"2026-05-04 14:48:43"}
{"level":"error","message":"POST /api/activities - Column count doesn't match value count at row 1","stack":"Error: Column count doesn't match value count at row 1\n    at X:\\A\\1\\activity-miniapp\\backend\\src\\controllers\\activityController.js:269:18\n    at transaction (X:\\A\\1\\activity-miniapp\\backend\\src\\config\\db.js:50:26)\n    at process.processTicksAndRejections (node:internal/process/task_queues:105:5)\n    at async exports.create (X:\\A\\1\\activity-miniapp\\backend\\src\\controllers\\activityController.js:268:5)","timestamp":"2026-05-04 14:48:46"}
{"level":"error","message":"POST /api/activities - Column count doesn't match value count at row 1","stack":"Error: Column count doesn't match value count at row 1\n    at X:\\A\\1\\activity-miniapp\\backend\\src\\controllers\\activityController.js:269:18\n    at transaction (X:\\A\\1\\activity-miniapp\\backend\\src\\config\\db.js:50:26)\n    at process.processTicksAndRejections (node:internal/process/task_queues:105:5)\n    at async exports.create (X:\\A\\1\\activity-miniapp\\backend\\src\\controllers\\activityController.js:268:5)","timestamp":"2026-05-04 14:52:49"}
{"level":"error","message":"POST /api/activities - Column count doesn't match value count at row 1","stack":"Error: Column count doesn't match value count at row 1\n    at X:\\A\\1\\activity-miniapp\\backend\\src\\controllers\\activityController.js:269:18\n    at transaction (X:\\A\\1\\activity-miniapp\\backend\\src\\config\\db.js:50:26)\n    at process.processTicksAndRejections (node:internal/process/task_queues:105:5)\n    at async exports.create (X:\\A\\1\\activity-miniapp\\backend\\src\\controllers\\activityController.js:268:5)","timestamp":"2026-05-04 14:53:30"}
{"level":"info","message":"✅ Redis connected","timestamp":"2026-05-28 13:20:02"}
{"level":"info","message":"✅ MySQL connected (pool size: 20)","timestamp":"2026-05-28 13:20:02"}
{"level":"info","message":"✅ Server running on port 3000","timestamp":"2026-05-28 13:20:02"}
{"code":"ER_TRUNCATED_WRONG_VALUE","errno":1292,"level":"error","message":"[activities.create.mysql]","sqlMessage":"Incorrect datetime value: '2026-05-29T04:20:27.494Z' for column 'start_time' at row 1","sqlSnippet":"INSERT INTO activities (\n          id,\n          creator_openid,\n          name,\n          description,\n          start_time,\n          end_time,\n          location_name,\n          location_address,\n          location_country,\n          latitude,\n          longitude,\n          max_participants,\n          require_invite,\n          invite_code,\n          category,\n          cover_image,\n          reminder,\n          wx_group_chat_name,\n          wx_group_chat_qrcode_url,\n          custom_fields,\n ","timestamp":"2026-05-28 13:20:27"}
{"level":"error","message":"POST /api/activities - Incorrect datetime value: '2026-05-29T04:20:27.494Z' for column 'start_time' at row 1","stack":"Error: Incorrect datetime value: '2026-05-29T04:20:27.494Z' for column 'start_time' at row 1\n    at X:\\A\\1\\activity-miniapp\\backend\\src\\controllers\\activityController.js:340:18\n    at transaction (X:\\A\\1\\activity-miniapp\\backend\\src\\config\\db.js:50:26)\n    at process.processTicksAndRejections (node:internal/process/task_queues:105:5)\n    at async exports.create (X:\\A\\1\\activity-miniapp\\backend\\src\\controllers\\activityController.js:285:5)","timestamp":"2026-05-28 13:20:27"}
{"level":"error","message":"GET /api/activities/0d83d614-c15c-467b-9b56-ba58127c8562/checkin-qrcode - invalid page rid: 6a17c294-5cd066c2-1817b8e9","stack":"Error: invalid page rid: 6a17c294-5cd066c2-1817b8e9\n    at Object.generateUnlimitedWxacodeBuffer (X:\\A\\1\\activity-miniapp\\backend\\src\\services\\wxService.js:211:13)\n    at process.processTicksAndRejections (node:internal/process/task_queues:105:5)\n    at async exports.getCheckinQRCode (X:\\A\\1\\activity-miniapp\\backend\\src\\controllers\\activityController.js:532:19)","timestamp":"2026-05-28 13:20:36"}
{"level":"info","message":"✅ Redis connected","timestamp":"2026-05-28 13:21:08"}
{"level":"info","message":"✅ MySQL connected (pool size: 20)","timestamp":"2026-05-28 13:21:08"}
{"level":"info","message":"✅ Server running on port 3000","timestamp":"2026-05-28 13:21:08"}
{"level":"error","message":"POST /api/auth/login - 微信登录失败: invalid code, rid: 6a17c430-141cabaa-71f49e46","stack":"Error: 微信登录失败: invalid code, rid: 6a17c430-141cabaa-71f49e46\n    at wxCode2Session (X:\\A\\1\\activity-miniapp\\backend\\src\\controllers\\authController.js:19:27)\n    at process.processTicksAndRejections (node:internal/process/task_queues:105:5)\n    at async exports.login (X:\\A\\1\\activity-miniapp\\backend\\src\\controllers\\authController.js:28:20)","timestamp":"2026-05-28 13:27:28"}
{"level":"info","message":"✅ Redis connected","timestamp":"2026-05-28 13:28:10"}
{"level":"info","message":"✅ MySQL connected (pool size: 20)","timestamp":"2026-05-28 13:28:10"}
{"level":"info","message":"✅ Server running on port 3000","timestamp":"2026-05-28 13:28:10"}
{"level":"info","message":"✅ Redis connected","timestamp":"2026-05-28 23:44:25"}
{"level":"info","message":"✅ MySQL connected (pool size: 20)","timestamp":"2026-05-28 23:44:25"}
{"level":"info","message":"✅ Server running on port 3000","timestamp":"2026-05-28 23:44:25"}
{"level":"info","message":"✅ Redis connected","timestamp":"2026-05-31 12:47:28"}
{"level":"info","message":"✅ MySQL connected (pool size: 20)","timestamp":"2026-05-31 12:47:28"}
{"level":"info","message":"✅ Server running on port 3000","timestamp":"2026-05-31 12:47:28"}
{"level":"info","message":"✅ Redis connected","timestamp":"2026-05-31 12:54:50"}
{"level":"info","message":"✅ MySQL connected (pool size: 20)","timestamp":"2026-05-31 12:54:50"}
{"level":"info","message":"✅ Server running on port 3000","timestamp":"2026-05-31 12:54:50"}
{"level":"info","message":"✅ Redis connected","timestamp":"2026-05-31 13:45:15"}
{"level":"info","message":"✅ MySQL connected (pool size: 20)","timestamp":"2026-05-31 13:45:16"}
{"level":"info","message":"✅ Server running on port 3000","timestamp":"2026-05-31 13:45:16"}
